<?xml version="1.0" encoding="UTF-8"?>
<testng-results ignored="0" total="1" passed="1" failed="0" skipped="0">
  <reporter-output>
  </reporter-output>
  <suite started-at="2024-05-20T23:20:55 IST" name="Suite" finished-at="2024-05-20T23:20:55 IST" duration-ms="44">
    <groups>
    </groups>
    <test started-at="2024-05-20T23:20:55 IST" name="Test" finished-at="2024-05-20T23:20:55 IST" duration-ms="44">
      <class name="org.sample.mavensample7.NewTest">
        <test-method is-config="true" signature="beforeClass()[pri:0, instance:org.sample.mavensample7.NewTest@184cf7cf]" started-at="2024-05-20T23:20:55 IST" name="beforeClass" finished-at="2024-05-20T23:20:55 IST" duration-ms="5" status="PASS">
          <reporter-output>
          </reporter-output>
        </test-method> <!-- beforeClass -->
        <test-method signature="f()[pri:0, instance:org.sample.mavensample7.NewTest@184cf7cf]" started-at="2024-05-20T23:20:55 IST" name="f" finished-at="2024-05-20T23:20:55 IST" duration-ms="4" status="PASS">
          <reporter-output>
          </reporter-output>
        </test-method> <!-- f -->
        <test-method is-config="true" signature="afterClass()[pri:0, instance:org.sample.mavensample7.NewTest@184cf7cf]" started-at="2024-05-20T23:20:55 IST" name="afterClass" finished-at="2024-05-20T23:20:55 IST" duration-ms="0" status="PASS">
          <reporter-output>
          </reporter-output>
        </test-method> <!-- afterClass -->
      </class> <!-- org.sample.mavensample7.NewTest -->
    </test> <!-- Test -->
  </suite> <!-- Suite -->
</testng-results>
